SF:lib/core/data/error/failure.dart
DA:6,1
DA:7,0
DA:8,0
DA:12,1
DA:16,0
LF:5
LH:2
end_of_record
SF:lib/core/domain/entities/media.g.dart
DA:13,0
DA:15,0
DA:16,0
DA:17,0
DA:19,0
DA:20,0
DA:21,0
DA:22,0
DA:23,0
DA:24,0
DA:25,0
DA:26,0
DA:27,0
DA:31,0
DA:34,0
DA:35,0
DA:36,0
DA:37,0
DA:38,0
DA:39,0
DA:40,0
DA:41,0
DA:42,0
DA:43,0
DA:44,0
DA:45,0
DA:46,0
DA:47,0
DA:48,0
DA:49,0
DA:50,0
DA:53,0
DA:54,0
DA:56,0
DA:59,0
DA:60,0
DA:61,0
LF:37
LH:0
end_of_record
SF:lib/core/domain/entities/media.dart
DA:26,2
DA:37,0
DA:38,0
DA:39,0
DA:40,0
DA:41,0
DA:42,0
DA:43,0
DA:44,0
DA:45,0
DA:50,1
DA:51,1
DA:52,1
DA:53,1
DA:54,1
DA:55,1
DA:56,1
DA:57,1
DA:58,1
DA:59,1
LF:20
LH:11
end_of_record
SF:lib/core/domain/usecase/base_use_case.dart
DA:11,2
DA:12,0
DA:13,0
LF:3
LH:1
end_of_record
SF:lib/features/favorites/domain/usecases/get_favorites_list_items_usecase.dart
DA:10,0
DA:12,0
DA:14,0
LF:3
LH:0
end_of_record
SF:lib/features/movies/data/models/movie_model.dart
DA:5,2
DA:16,0
DA:17,0
DA:18,0
DA:19,0
DA:20,0
DA:21,0
DA:22,0
DA:23,0
LF:9
LH:1
end_of_record
SF:lib/features/movies/domain/usecases/get_movies_usecase.dart
DA:10,0
DA:12,0
DA:14,0
LF:3
LH:0
end_of_record
SF:lib/features/movies/presentation/controllers/movies_bloc/movies_bloc.dart
DA:17,1
DA:20,1
DA:21,2
DA:24,1
DA:26,1
DA:27,2
DA:31,2
DA:32,2
DA:33,1
DA:34,2
DA:35,2
DA:37,1
DA:40,2
DA:41,2
DA:47,1
DA:48,2
DA:49,2
DA:51,1
DA:54,1
DA:55,1
DA:56,0
DA:57,0
DA:58,0
DA:62,2
DA:63,1
DA:64,2
LF:26
LH:23
end_of_record
SF:lib/features/movies/presentation/controllers/movies_bloc/movies_event.dart
DA:4,1
DA:5,0
DA:6,0
LF:3
LH:1
end_of_record
SF:lib/features/movies/presentation/controllers/movies_bloc/movies_state.dart
DA:12,2
DA:20,1
DA:27,1
DA:28,1
DA:29,1
DA:30,1
DA:31,1
DA:32,1
DA:36,1
DA:37,1
DA:38,1
DA:39,1
DA:40,1
DA:41,1
DA:42,1
LF:15
LH:15
end_of_record
SF:lib/core/data/network/api_constants.dart
DA:27,0
DA:28,0
DA:31,0
DA:32,0
DA:35,0
DA:36,0
DA:40,0
DA:41,0
LF:8
LH:0
end_of_record
SF:lib/core/domain/entities/media_details.dart
DA:22,0
DA:40,0
DA:41,0
DA:42,0
DA:43,0
DA:44,0
DA:45,0
DA:46,0
DA:47,0
DA:48,0
DA:49,0
DA:50,0
DA:51,0
DA:52,0
DA:53,0
LF:15
LH:0
end_of_record
SF:lib/features/movies/domain/entities/cast.dart
DA:8,0
DA:14,0
DA:15,0
DA:16,0
DA:17,0
DA:18,0
LF:6
LH:0
end_of_record
SF:lib/core/presentation/components/overview_section.dart
DA:10,0
DA:15,0
DA:17,0
DA:19,0
DA:20,0
DA:25,0
DA:26,0
DA:27,0
DA:28,0
DA:29,0
DA:30,0
DA:31,0
DA:32,0
DA:33,0
LF:14
LH:0
end_of_record
SF:lib/core/presentation/components/section_title.dart
DA:6,1
DA:13,0
DA:15,0
DA:22,0
DA:23,0
DA:24,0
LF:6
LH:1
end_of_record
SF:lib/core/utils/functions.dart
DA:10,0
DA:11,0
DA:15,0
DA:16,0
DA:17,0
DA:18,0
DA:23,0
DA:26,0
DA:29,0
DA:32,0
DA:35,0
DA:38,0
DA:41,0
DA:44,0
DA:47,0
DA:50,0
DA:53,0
DA:56,0
DA:63,0
DA:66,0
DA:68,0
DA:74,0
DA:76,0
DA:83,0
DA:84,0
DA:87,0
DA:88,0
DA:90,0
DA:91,0
DA:93,0
DA:96,0
DA:97,0
DA:98,0
DA:100,0
DA:103,0
DA:104,0
DA:105,0
DA:112,0
DA:113,0
DA:114,0
DA:121,0
DA:122,0
DA:123,0
DA:124,0
DA:125,0
DA:126,0
DA:135,0
DA:136,0
DA:137,0
DA:138,0
DA:140,0
DA:146,0
DA:147,0
DA:148,0
DA:150,0
DA:152,0
LF:56
LH:0
end_of_record
